<?xml version="1.0" encoding="UTF-8"?>
<coverage generated="1658348052050" clover="3.2.0">
  <project timestamp="1658348052050" name="All files">
    <metrics statements="57" coveredstatements="37" conditionals="26" coveredconditionals="18" methods="21" coveredmethods="15" elements="104" coveredelements="70" complexity="0" loc="57" ncloc="57" packages="2" files="8" classes="8"/>
    <package name="components">
      <metrics statements="11" coveredstatements="9" conditionals="16" coveredconditionals="10" methods="5" coveredmethods="3"/>
      <file name="Footer.js" path="/Users/learnacademy/Desktop/BrightMind/app/javascript/components/components/Footer.js">
        <metrics statements="1" coveredstatements="1" conditionals="0" coveredconditionals="0" methods="1" coveredmethods="1"/>
        <line num="6" count="1" type="stmt"/>
      </file>
      <file name="Header.js" path="/Users/learnacademy/Desktop/BrightMind/app/javascript/components/components/Header.js">
        <metrics statements="10" coveredstatements="8" conditionals="16" coveredconditionals="10" methods="4" coveredmethods="2"/>
        <line num="10" count="1" type="stmt"/>
        <line num="11" count="1" type="stmt"/>
        <line num="12" count="1" type="stmt"/>
        <line num="16" count="1" type="stmt"/>
        <line num="17" count="0" type="stmt"/>
        <line num="21" count="0" type="stmt"/>
        <line num="33" count="1" type="stmt"/>
        <line num="34" count="1" type="stmt"/>
        <line num="35" count="1" type="stmt"/>
        <line num="37" count="1" type="stmt"/>
      </file>
    </package>
    <package name="pages">
      <metrics statements="46" coveredstatements="28" conditionals="10" coveredconditionals="8" methods="16" coveredmethods="12"/>
      <file name="AboutUs.js" path="/Users/learnacademy/Desktop/BrightMind/app/javascript/components/pages/AboutUs.js">
        <metrics statements="1" coveredstatements="1" conditionals="0" coveredconditionals="0" methods="1" coveredmethods="1"/>
        <line num="14" count="5" type="stmt"/>
      </file>
      <file name="Home.js" path="/Users/learnacademy/Desktop/BrightMind/app/javascript/components/pages/Home.js">
        <metrics statements="1" coveredstatements="1" conditionals="0" coveredconditionals="0" methods="1" coveredmethods="1"/>
        <line num="5" count="4" type="stmt"/>
      </file>
      <file name="PostEdit.js" path="/Users/learnacademy/Desktop/BrightMind/app/javascript/components/pages/PostEdit.js">
        <metrics statements="17" coveredstatements="11" conditionals="2" coveredconditionals="2" methods="5" coveredmethods="4"/>
        <line num="7" count="7" type="stmt"/>
        <line num="8" count="7" type="stmt"/>
        <line num="18" count="7" type="stmt"/>
        <line num="19" count="7" type="stmt"/>
        <line num="22" count="7" type="stmt"/>
        <line num="23" count="0" type="stmt"/>
        <line num="24" count="0" type="stmt"/>
        <line num="25" count="0" type="stmt"/>
        <line num="26" count="0" type="stmt"/>
        <line num="27" count="0" type="stmt"/>
        <line num="28" count="0" type="stmt"/>
        <line num="31" count="7" type="stmt"/>
        <line num="32" count="1" type="stmt"/>
        <line num="33" count="1" type="stmt"/>
        <line num="37" count="15" type="cond" truecount="2" falsecount="0"/>
        <line num="38" count="1" type="stmt"/>
        <line num="40" count="14" type="stmt"/>
      </file>
      <file name="PostIndex.js" path="/Users/learnacademy/Desktop/BrightMind/app/javascript/components/pages/PostIndex.js">
        <metrics statements="3" coveredstatements="3" conditionals="2" coveredconditionals="2" methods="2" coveredmethods="2"/>
        <line num="16" count="3" type="stmt"/>
        <line num="18" count="3" type="stmt"/>
        <line num="25" count="2" type="stmt"/>
      </file>
      <file name="PostNew.js" path="/Users/learnacademy/Desktop/BrightMind/app/javascript/components/pages/PostNew.js">
        <metrics statements="15" coveredstatements="6" conditionals="2" coveredconditionals="1" methods="4" coveredmethods="2"/>
        <line num="7" count="8" type="stmt"/>
        <line num="8" count="8" type="stmt"/>
        <line num="18" count="8" type="stmt"/>
        <line num="19" count="0" type="stmt"/>
        <line num="20" count="0" type="stmt"/>
        <line num="21" count="0" type="stmt"/>
        <line num="22" count="0" type="stmt"/>
        <line num="23" count="0" type="stmt"/>
        <line num="24" count="0" type="stmt"/>
        <line num="27" count="8" type="stmt"/>
        <line num="28" count="0" type="stmt"/>
        <line num="29" count="0" type="stmt"/>
        <line num="33" count="8" type="cond" truecount="1" falsecount="1"/>
        <line num="34" count="0" type="stmt"/>
        <line num="36" count="8" type="stmt"/>
      </file>
      <file name="PostShow.js" path="/Users/learnacademy/Desktop/BrightMind/app/javascript/components/pages/PostShow.js">
        <metrics statements="9" coveredstatements="6" conditionals="4" coveredconditionals="3" methods="3" coveredmethods="2"/>
        <line num="6" count="3" type="stmt"/>
        <line num="7" count="3" type="stmt"/>
        <line num="12" count="3" type="stmt"/>
        <line num="13" count="0" type="stmt"/>
        <line num="14" count="0" type="stmt"/>
        <line num="18" count="3" type="cond" truecount="1" falsecount="1"/>
        <line num="19" count="0" type="stmt"/>
        <line num="21" count="3" type="stmt"/>
        <line num="22" count="3" type="stmt"/>
      </file>
    </package>
  </project>
</coverage>
