{"/Users/learnacademy/Desktop/BrightMind/app/javascript/components/components/Footer.js": {"path":"/Users/learnacademy/Desktop/BrightMind/app/javascript/components/components/Footer.js","statementMap":{"0":{"start":{"line":6,"column":4},"end":{"line":24,"column":5}}},"fnMap":{"0":{"name":"(anonymous_0)","decl":{"start":{"line":5,"column":2},"end":{"line":5,"column":3}},"loc":{"start":{"line":5,"column":11},"end":{"line":25,"column":3}},"line":5}},"branchMap":{},"s":{"0":1},"f":{"0":1},"b":{},"_coverageSchema":"1a1c01bbd47fc00a2c39e90264f33305004495a9","hash":"d41830f95d17cda08734713b987b145721a1d924"}
,"/Users/learnacademy/Desktop/BrightMind/app/javascript/components/components/Header.js": {"path":"/Users/learnacademy/Desktop/BrightMind/app/javascript/components/components/Header.js","statementMap":{"0":{"start":{"line":10,"column":4},"end":{"line":10,"column":17}},"1":{"start":{"line":11,"column":4},"end":{"line":11,"column":53}},"2":{"start":{"line":12,"column":4},"end":{"line":14,"column":5}},"3":{"start":{"line":16,"column":14},"end":{"line":18,"column":1}},"4":{"start":{"line":17,"column":2},"end":{"line":17,"column":34}},"5":{"start":{"line":21,"column":4},"end":{"line":23,"column":6}},"6":{"start":{"line":33,"column":8},"end":{"line":33,"column":18}},"7":{"start":{"line":34,"column":4},"end":{"line":34,"column":40}},"8":{"start":{"line":35,"column":4},"end":{"line":35,"column":46}},"9":{"start":{"line":37,"column":4},"end":{"line":101,"column":5}}},"fnMap":{"0":{"name":"(anonymous_0)","decl":{"start":{"line":9,"column":2},"end":{"line":9,"column":3}},"loc":{"start":{"line":9,"column":21},"end":{"line":15,"column":3}},"line":9},"1":{"name":"(anonymous_1)","decl":{"start":{"line":16,"column":14},"end":{"line":16,"column":15}},"loc":{"start":{"line":16,"column":20},"end":{"line":18,"column":1}},"line":16},"2":{"name":"(anonymous_2)","decl":{"start":{"line":20,"column":2},"end":{"line":20,"column":3}},"loc":{"start":{"line":20,"column":17},"end":{"line":24,"column":3}},"line":20},"3":{"name":"(anonymous_3)","decl":{"start":{"line":26,"column":2},"end":{"line":26,"column":3}},"loc":{"start":{"line":26,"column":11},"end":{"line":102,"column":3}},"line":26}},"branchMap":{"0":{"loc":{"start":{"line":41,"column":20},"end":{"line":41,"column":82}},"type":"cond-expr","locations":[{"start":{"line":41,"column":43},"end":{"line":41,"column":54}},{"start":{"line":41,"column":57},"end":{"line":41,"column":82}}],"line":41},"1":{"loc":{"start":{"line":47,"column":11},"end":{"line":47,"column":100}},"type":"cond-expr","locations":[{"start":{"line":47,"column":34},"end":{"line":47,"column":63}},{"start":{"line":47,"column":66},"end":{"line":47,"column":100}}],"line":47},"2":{"loc":{"start":{"line":61,"column":16},"end":{"line":66,"column":24}},"type":"binary-expr","locations":[{"start":{"line":61,"column":16},"end":{"line":61,"column":25}},{"start":{"line":62,"column":14},"end":{"line":66,"column":24}}],"line":61},"3":{"loc":{"start":{"line":68,"column":16},"end":{"line":73,"column":24}},"type":"binary-expr","locations":[{"start":{"line":68,"column":16},"end":{"line":68,"column":25}},{"start":{"line":69,"column":14},"end":{"line":73,"column":24}}],"line":68},"4":{"loc":{"start":{"line":75,"column":16},"end":{"line":80,"column":24}},"type":"binary-expr","locations":[{"start":{"line":75,"column":16},"end":{"line":75,"column":25}},{"start":{"line":76,"column":14},"end":{"line":80,"column":24}}],"line":75},"5":{"loc":{"start":{"line":82,"column":16},"end":{"line":85,"column":24}},"type":"binary-expr","locations":[{"start":{"line":82,"column":16},"end":{"line":82,"column":25}},{"start":{"line":83,"column":14},"end":{"line":85,"column":24}}],"line":82},"6":{"loc":{"start":{"line":87,"column":16},"end":{"line":90,"column":24}},"type":"binary-expr","locations":[{"start":{"line":87,"column":16},"end":{"line":87,"column":26}},{"start":{"line":88,"column":14},"end":{"line":90,"column":24}}],"line":87},"7":{"loc":{"start":{"line":92,"column":16},"end":{"line":95,"column":24}},"type":"binary-expr","locations":[{"start":{"line":92,"column":16},"end":{"line":92,"column":26}},{"start":{"line":93,"column":14},"end":{"line":95,"column":24}}],"line":92}},"s":{"0":1,"1":1,"2":1,"3":1,"4":0,"5":0,"6":1,"7":1,"8":1,"9":1},"f":{"0":1,"1":0,"2":0,"3":1},"b":{"0":[1,0],"1":[1,0],"2":[1,0],"3":[1,0],"4":[1,0],"5":[1,0],"6":[1,1],"7":[1,1]},"_coverageSchema":"1a1c01bbd47fc00a2c39e90264f33305004495a9","hash":"9abd26c6b73252d1e955b60394ed33d4a0d5f2a1"}
,"/Users/learnacademy/Desktop/BrightMind/app/javascript/components/pages/AboutUs.js": {"path":"/Users/learnacademy/Desktop/BrightMind/app/javascript/components/pages/AboutUs.js","statementMap":{"0":{"start":{"line":14,"column":4},"end":{"line":89,"column":5}}},"fnMap":{"0":{"name":"(anonymous_0)","decl":{"start":{"line":13,"column":2},"end":{"line":13,"column":3}},"loc":{"start":{"line":13,"column":11},"end":{"line":90,"column":3}},"line":13}},"branchMap":{},"s":{"0":5},"f":{"0":5},"b":{},"_coverageSchema":"1a1c01bbd47fc00a2c39e90264f33305004495a9","hash":"d498f4265479b813d560f4f8f37ba1e3465266f6"}
,"/Users/learnacademy/Desktop/BrightMind/app/javascript/components/pages/Home.js": {"path":"/Users/learnacademy/Desktop/BrightMind/app/javascript/components/pages/Home.js","statementMap":{"0":{"start":{"line":5,"column":4},"end":{"line":30,"column":5}}},"fnMap":{"0":{"name":"(anonymous_0)","decl":{"start":{"line":4,"column":2},"end":{"line":4,"column":3}},"loc":{"start":{"line":4,"column":11},"end":{"line":31,"column":3}},"line":4}},"branchMap":{},"s":{"0":4},"f":{"0":4},"b":{},"_coverageSchema":"1a1c01bbd47fc00a2c39e90264f33305004495a9","hash":"cc88adc512ce0c9260e6ae53ae087fe0dc9070ef"}
,"/Users/learnacademy/Desktop/BrightMind/app/javascript/components/pages/PostEdit.js": {"path":"/Users/learnacademy/Desktop/BrightMind/app/javascript/components/pages/PostEdit.js","statementMap":{"0":{"start":{"line":7,"column":4},"end":{"line":7,"column":16}},"1":{"start":{"line":8,"column":4},"end":{"line":15,"column":5}},"2":{"start":{"line":18,"column":22},"end":{"line":20,"column":3}},"3":{"start":{"line":19,"column":4},"end":{"line":19,"column":48}},"4":{"start":{"line":22,"column":17},"end":{"line":29,"column":3}},"5":{"start":{"line":23,"column":22},"end":{"line":23,"column":36}},"6":{"start":{"line":24,"column":21},"end":{"line":24,"column":34}},"7":{"start":{"line":25,"column":25},"end":{"line":25,"column":35}},"8":{"start":{"line":26,"column":4},"end":{"line":26,"column":40}},"9":{"start":{"line":27,"column":4},"end":{"line":27,"column":28}},"10":{"start":{"line":28,"column":4},"end":{"line":28,"column":43}},"11":{"start":{"line":31,"column":17},"end":{"line":34,"column":3}},"12":{"start":{"line":32,"column":4},"end":{"line":32,"column":66}},"13":{"start":{"line":33,"column":4},"end":{"line":33,"column":36}},"14":{"start":{"line":37,"column":4},"end":{"line":39,"column":3}},"15":{"start":{"line":38,"column":6},"end":{"line":38,"column":46}},"16":{"start":{"line":40,"column":4},"end":{"line":83,"column":5}}},"fnMap":{"0":{"name":"(anonymous_0)","decl":{"start":{"line":6,"column":2},"end":{"line":6,"column":3}},"loc":{"start":{"line":6,"column":20},"end":{"line":16,"column":3}},"line":6},"1":{"name":"(anonymous_1)","decl":{"start":{"line":18,"column":22},"end":{"line":18,"column":23}},"loc":{"start":{"line":18,"column":28},"end":{"line":20,"column":3}},"line":18},"2":{"name":"(anonymous_2)","decl":{"start":{"line":22,"column":17},"end":{"line":22,"column":18}},"loc":{"start":{"line":22,"column":24},"end":{"line":29,"column":3}},"line":22},"3":{"name":"(anonymous_3)","decl":{"start":{"line":31,"column":17},"end":{"line":31,"column":18}},"loc":{"start":{"line":31,"column":23},"end":{"line":34,"column":3}},"line":31},"4":{"name":"(anonymous_4)","decl":{"start":{"line":36,"column":2},"end":{"line":36,"column":3}},"loc":{"start":{"line":36,"column":11},"end":{"line":84,"column":3}},"line":36}},"branchMap":{"0":{"loc":{"start":{"line":37,"column":4},"end":{"line":39,"column":3}},"type":"if","locations":[{"start":{"line":37,"column":4},"end":{"line":39,"column":3}},{"start":{},"end":{}}],"line":37}},"s":{"0":7,"1":7,"2":7,"3":7,"4":7,"5":0,"6":0,"7":0,"8":0,"9":0,"10":0,"11":7,"12":1,"13":1,"14":15,"15":1,"16":14},"f":{"0":7,"1":7,"2":0,"3":1,"4":15},"b":{"0":[1,14]},"_coverageSchema":"1a1c01bbd47fc00a2c39e90264f33305004495a9","hash":"9775a0d41cf26fc4aea4bce789a53ebb99b9c72e"}
,"/Users/learnacademy/Desktop/BrightMind/app/javascript/components/pages/PostIndex.js": {"path":"/Users/learnacademy/Desktop/BrightMind/app/javascript/components/pages/PostIndex.js","statementMap":{"0":{"start":{"line":16,"column":20},"end":{"line":16,"column":30}},"1":{"start":{"line":18,"column":4},"end":{"line":50,"column":5}},"2":{"start":{"line":25,"column":12},"end":{"line":44,"column":15}}},"fnMap":{"0":{"name":"(anonymous_0)","decl":{"start":{"line":15,"column":2},"end":{"line":15,"column":3}},"loc":{"start":{"line":15,"column":11},"end":{"line":51,"column":3}},"line":15},"1":{"name":"(anonymous_1)","decl":{"start":{"line":24,"column":21},"end":{"line":24,"column":22}},"loc":{"start":{"line":24,"column":44},"end":{"line":45,"column":13}},"line":24}},"branchMap":{"0":{"loc":{"start":{"line":23,"column":11},"end":{"line":45,"column":14}},"type":"binary-expr","locations":[{"start":{"line":23,"column":11},"end":{"line":23,"column":16}},{"start":{"line":24,"column":11},"end":{"line":45,"column":14}}],"line":23}},"s":{"0":3,"1":3,"2":2},"f":{"0":3,"1":2},"b":{"0":[3,2]},"_coverageSchema":"1a1c01bbd47fc00a2c39e90264f33305004495a9","hash":"a686034675d8fe2b16aa72971d30e66c60d94c1f"}
,"/Users/learnacademy/Desktop/BrightMind/app/javascript/components/pages/PostNew.js": {"path":"/Users/learnacademy/Desktop/BrightMind/app/javascript/components/pages/PostNew.js","statementMap":{"0":{"start":{"line":7,"column":4},"end":{"line":7,"column":16}},"1":{"start":{"line":8,"column":4},"end":{"line":15,"column":5}},"2":{"start":{"line":18,"column":17},"end":{"line":25,"column":3}},"3":{"start":{"line":19,"column":22},"end":{"line":19,"column":36}},"4":{"start":{"line":20,"column":21},"end":{"line":20,"column":34}},"5":{"start":{"line":21,"column":22},"end":{"line":21,"column":32}},"6":{"start":{"line":22,"column":4},"end":{"line":22,"column":37}},"7":{"start":{"line":23,"column":4},"end":{"line":23,"column":28}},"8":{"start":{"line":24,"column":4},"end":{"line":24,"column":37}},"9":{"start":{"line":27,"column":17},"end":{"line":30,"column":3}},"10":{"start":{"line":28,"column":4},"end":{"line":28,"column":45}},"11":{"start":{"line":29,"column":4},"end":{"line":29,"column":36}},"12":{"start":{"line":33,"column":4},"end":{"line":35,"column":3}},"13":{"start":{"line":34,"column":6},"end":{"line":34,"column":46}},"14":{"start":{"line":36,"column":4},"end":{"line":79,"column":5}}},"fnMap":{"0":{"name":"(anonymous_0)","decl":{"start":{"line":6,"column":2},"end":{"line":6,"column":3}},"loc":{"start":{"line":6,"column":20},"end":{"line":16,"column":3}},"line":6},"1":{"name":"(anonymous_1)","decl":{"start":{"line":18,"column":17},"end":{"line":18,"column":18}},"loc":{"start":{"line":18,"column":24},"end":{"line":25,"column":3}},"line":18},"2":{"name":"(anonymous_2)","decl":{"start":{"line":27,"column":17},"end":{"line":27,"column":18}},"loc":{"start":{"line":27,"column":23},"end":{"line":30,"column":3}},"line":27},"3":{"name":"(anonymous_3)","decl":{"start":{"line":32,"column":2},"end":{"line":32,"column":3}},"loc":{"start":{"line":32,"column":11},"end":{"line":80,"column":3}},"line":32}},"branchMap":{"0":{"loc":{"start":{"line":33,"column":4},"end":{"line":35,"column":3}},"type":"if","locations":[{"start":{"line":33,"column":4},"end":{"line":35,"column":3}},{"start":{},"end":{}}],"line":33}},"s":{"0":8,"1":8,"2":8,"3":0,"4":0,"5":0,"6":0,"7":0,"8":0,"9":8,"10":0,"11":0,"12":8,"13":0,"14":8},"f":{"0":8,"1":0,"2":0,"3":8},"b":{"0":[0,8]},"_coverageSchema":"1a1c01bbd47fc00a2c39e90264f33305004495a9","hash":"d9f029e205ab48fe5970255b64cb98bd87000b47"}
,"/Users/learnacademy/Desktop/BrightMind/app/javascript/components/pages/PostShow.js": {"path":"/Users/learnacademy/Desktop/BrightMind/app/javascript/components/pages/PostShow.js","statementMap":{"0":{"start":{"line":6,"column":4},"end":{"line":6,"column":16}},"1":{"start":{"line":7,"column":4},"end":{"line":9,"column":5}},"2":{"start":{"line":12,"column":17},"end":{"line":15,"column":5}},"3":{"start":{"line":13,"column":8},"end":{"line":13,"column":49}},"4":{"start":{"line":14,"column":8},"end":{"line":14,"column":38}},"5":{"start":{"line":18,"column":4},"end":{"line":20,"column":5}},"6":{"start":{"line":19,"column":6},"end":{"line":19,"column":42}},"7":{"start":{"line":21,"column":4},"end":{"line":21,"column":46}},"8":{"start":{"line":22,"column":4},"end":{"line":40,"column":5}}},"fnMap":{"0":{"name":"(anonymous_0)","decl":{"start":{"line":5,"column":2},"end":{"line":5,"column":3}},"loc":{"start":{"line":5,"column":21},"end":{"line":10,"column":3}},"line":5},"1":{"name":"(anonymous_1)","decl":{"start":{"line":12,"column":17},"end":{"line":12,"column":18}},"loc":{"start":{"line":12,"column":23},"end":{"line":15,"column":5}},"line":12},"2":{"name":"(anonymous_2)","decl":{"start":{"line":17,"column":2},"end":{"line":17,"column":3}},"loc":{"start":{"line":17,"column":11},"end":{"line":41,"column":3}},"line":17}},"branchMap":{"0":{"loc":{"start":{"line":18,"column":4},"end":{"line":20,"column":5}},"type":"if","locations":[{"start":{"line":18,"column":4},"end":{"line":20,"column":5}},{"start":{},"end":{}}],"line":18},"1":{"loc":{"start":{"line":24,"column":5},"end":{"line":37,"column":12}},"type":"binary-expr","locations":[{"start":{"line":24,"column":5},"end":{"line":24,"column":25}},{"start":{"line":25,"column":4},"end":{"line":37,"column":12}}],"line":24}},"s":{"0":3,"1":3,"2":3,"3":0,"4":0,"5":3,"6":0,"7":3,"8":3},"f":{"0":3,"1":0,"2":3},"b":{"0":[0,3],"1":[3,3]},"_coverageSchema":"1a1c01bbd47fc00a2c39e90264f33305004495a9","hash":"1374984047b90f53c63205cf8c76899850e8bbd6"}
}
