TN:
SF:app/javascript/components/components/Footer.js
FN:5,(anonymous_0)
FNF:1
FNH:1
FNDA:1,(anonymous_0)
DA:6,1
LF:1
LH:1
BRF:0
BRH:0
end_of_record
TN:
SF:app/javascript/components/components/Header.js
FN:9,(anonymous_0)
FN:16,(anonymous_1)
FN:20,(anonymous_2)
FN:26,(anonymous_3)
FNF:4
FNH:2
FNDA:1,(anonymous_0)
FNDA:0,(anonymous_1)
FNDA:0,(anonymous_2)
FNDA:1,(anonymous_3)
DA:10,1
DA:11,1
DA:12,1
DA:16,1
DA:17,0
DA:21,0
DA:33,1
DA:34,1
DA:35,1
DA:37,1
LF:10
LH:8
BRDA:41,0,0,1
BRDA:41,0,1,0
BRDA:47,1,0,1
BRDA:47,1,1,0
BRDA:61,2,0,1
BRDA:61,2,1,0
BRDA:68,3,0,1
BRDA:68,3,1,0
BRDA:75,4,0,1
BRDA:75,4,1,0
BRDA:82,5,0,1
BRDA:82,5,1,0
BRDA:87,6,0,1
BRDA:87,6,1,1
BRDA:92,7,0,1
BRDA:92,7,1,1
BRF:16
BRH:10
end_of_record
TN:
SF:app/javascript/components/pages/AboutUs.js
FN:13,(anonymous_0)
FNF:1
FNH:1
FNDA:5,(anonymous_0)
DA:14,5
LF:1
LH:1
BRF:0
BRH:0
end_of_record
TN:
SF:app/javascript/components/pages/Home.js
FN:4,(anonymous_0)
FNF:1
FNH:1
FNDA:4,(anonymous_0)
DA:5,4
LF:1
LH:1
BRF:0
BRH:0
end_of_record
TN:
SF:app/javascript/components/pages/PostEdit.js
FN:6,(anonymous_0)
FN:18,(anonymous_1)
FN:22,(anonymous_2)
FN:31,(anonymous_3)
FN:36,(anonymous_4)
FNF:5
FNH:4
FNDA:7,(anonymous_0)
FNDA:7,(anonymous_1)
FNDA:0,(anonymous_2)
FNDA:1,(anonymous_3)
FNDA:15,(anonymous_4)
DA:7,7
DA:8,7
DA:18,7
DA:19,7
DA:22,7
DA:23,0
DA:24,0
DA:25,0
DA:26,0
DA:27,0
DA:28,0
DA:31,7
DA:32,1
DA:33,1
DA:37,15
DA:38,1
DA:40,14
LF:17
LH:11
BRDA:37,0,0,1
BRDA:37,0,1,14
BRF:2
BRH:2
end_of_record
TN:
SF:app/javascript/components/pages/PostIndex.js
FN:15,(anonymous_0)
FN:24,(anonymous_1)
FNF:2
FNH:2
FNDA:3,(anonymous_0)
FNDA:2,(anonymous_1)
DA:16,3
DA:18,3
DA:25,2
LF:3
LH:3
BRDA:23,0,0,3
BRDA:23,0,1,2
BRF:2
BRH:2
end_of_record
TN:
SF:app/javascript/components/pages/PostNew.js
FN:6,(anonymous_0)
FN:18,(anonymous_1)
FN:27,(anonymous_2)
FN:32,(anonymous_3)
FNF:4
FNH:2
FNDA:8,(anonymous_0)
FNDA:0,(anonymous_1)
FNDA:0,(anonymous_2)
FNDA:8,(anonymous_3)
DA:7,8
DA:8,8
DA:18,8
DA:19,0
DA:20,0
DA:21,0
DA:22,0
DA:23,0
DA:24,0
DA:27,8
DA:28,0
DA:29,0
DA:33,8
DA:34,0
DA:36,8
LF:15
LH:6
BRDA:33,0,0,0
BRDA:33,0,1,8
BRF:2
BRH:1
end_of_record
TN:
SF:app/javascript/components/pages/PostShow.js
FN:5,(anonymous_0)
FN:12,(anonymous_1)
FN:17,(anonymous_2)
FNF:3
FNH:2
FNDA:3,(anonymous_0)
FNDA:0,(anonymous_1)
FNDA:3,(anonymous_2)
DA:6,3
DA:7,3
DA:12,3
DA:13,0
DA:14,0
DA:18,3
DA:19,0
DA:21,3
DA:22,3
LF:9
LH:6
BRDA:18,0,0,0
BRDA:18,0,1,3
BRDA:24,1,0,3
BRDA:24,1,1,3
BRF:4
BRH:3
end_of_record
